ERROR - 2024-08-29 13:54:32 --> Error connecting to the database: Unknown database 'sinjam'
CRITICAL - 2024-08-29 13:54:32 --> Unable to connect to the database.
Main connection [MySQLi]: Unknown database 'sinjam'
#0 D:\sampp7427\htdocs\sinjam\system\Database\BaseConnection.php(577): CodeIgniter\Database\BaseConnection->initialize()
#1 D:\sampp7427\htdocs\sinjam\system\Database\BaseBuilder.php(1443): CodeIgniter\Database\BaseConnection->query('SELECT *\nFROM `...', Array, false)
#2 D:\sampp7427\htdocs\sinjam\system\Model.php(183): CodeIgniter\Database\BaseBuilder->get()
#3 D:\sampp7427\htdocs\sinjam\system\BaseModel.php(584): CodeIgniter\Model->doFindAll(0, 0)
#4 D:\sampp7427\htdocs\sinjam\app\Controllers\Login.php(19): CodeIgniter\BaseModel->findAll()
#5 D:\sampp7427\htdocs\sinjam\system\CodeIgniter.php(824): App\Controllers\Login->index()
#6 D:\sampp7427\htdocs\sinjam\system\CodeIgniter.php(410): CodeIgniter\CodeIgniter->runController(Object(App\Controllers\Login))
#7 D:\sampp7427\htdocs\sinjam\system\CodeIgniter.php(318): CodeIgniter\CodeIgniter->handleRequest(NULL, Object(Config\Cache), false)
#8 D:\sampp7427\htdocs\sinjam\index.php(37): CodeIgniter\CodeIgniter->run()
#9 {main}
ERROR - 2024-08-29 14:03:21 --> Error connecting to the database: Access denied for user '****'@'localhost' (using password: YES)
CRITICAL - 2024-08-29 14:03:21 --> Unable to connect to the database.
Main connection [MySQLi]: Access denied for user '****'@'localhost' (using password: YES)
#0 D:\sampp7427\htdocs\sinjam\system\Database\BaseConnection.php(577): CodeIgniter\Database\BaseConnection->initialize()
#1 D:\sampp7427\htdocs\sinjam\system\Database\BaseBuilder.php(1443): CodeIgniter\Database\BaseConnection->query('SELECT *\nFROM `...', Array, false)
#2 D:\sampp7427\htdocs\sinjam\system\Model.php(183): CodeIgniter\Database\BaseBuilder->get()
#3 D:\sampp7427\htdocs\sinjam\system\BaseModel.php(584): CodeIgniter\Model->doFindAll(0, 0)
#4 D:\sampp7427\htdocs\sinjam\app\Controllers\User.php(22): CodeIgniter\BaseModel->findAll()
#5 D:\sampp7427\htdocs\sinjam\system\CodeIgniter.php(824): App\Controllers\User->muatData()
#6 D:\sampp7427\htdocs\sinjam\system\CodeIgniter.php(410): CodeIgniter\CodeIgniter->runController(Object(App\Controllers\User))
#7 D:\sampp7427\htdocs\sinjam\system\CodeIgniter.php(318): CodeIgniter\CodeIgniter->handleRequest(NULL, Object(Config\Cache), false)
#8 D:\sampp7427\htdocs\sinjam\index.php(37): CodeIgniter\CodeIgniter->run()
#9 {main}
ERROR - 2024-08-29 14:03:22 --> Error connecting to the database: Access denied for user '****'@'localhost' (using password: YES)
CRITICAL - 2024-08-29 14:03:22 --> Unable to connect to the database.
Main connection [MySQLi]: Access denied for user '****'@'localhost' (using password: YES)
#0 D:\sampp7427\htdocs\sinjam\system\Database\BaseConnection.php(577): CodeIgniter\Database\BaseConnection->initialize()
#1 D:\sampp7427\htdocs\sinjam\system\Database\BaseBuilder.php(1443): CodeIgniter\Database\BaseConnection->query('SELECT *\nFROM `...', Array, false)
#2 D:\sampp7427\htdocs\sinjam\system\Model.php(183): CodeIgniter\Database\BaseBuilder->get()
#3 D:\sampp7427\htdocs\sinjam\system\BaseModel.php(584): CodeIgniter\Model->doFindAll(0, 0)
#4 D:\sampp7427\htdocs\sinjam\app\Controllers\User.php(22): CodeIgniter\BaseModel->findAll()
#5 D:\sampp7427\htdocs\sinjam\system\CodeIgniter.php(824): App\Controllers\User->muatData()
#6 D:\sampp7427\htdocs\sinjam\system\CodeIgniter.php(410): CodeIgniter\CodeIgniter->runController(Object(App\Controllers\User))
#7 D:\sampp7427\htdocs\sinjam\system\CodeIgniter.php(318): CodeIgniter\CodeIgniter->handleRequest(NULL, Object(Config\Cache), false)
#8 D:\sampp7427\htdocs\sinjam\index.php(37): CodeIgniter\CodeIgniter->run()
#9 {main}
ERROR - 2024-08-29 14:03:22 --> Error connecting to the database: Access denied for user '****'@'localhost' (using password: YES)
CRITICAL - 2024-08-29 14:03:22 --> Unable to connect to the database.
Main connection [MySQLi]: Access denied for user '****'@'localhost' (using password: YES)
#0 D:\sampp7427\htdocs\sinjam\system\Database\BaseConnection.php(577): CodeIgniter\Database\BaseConnection->initialize()
#1 D:\sampp7427\htdocs\sinjam\system\Database\BaseBuilder.php(1443): CodeIgniter\Database\BaseConnection->query('SELECT *\nFROM `...', Array, false)
#2 D:\sampp7427\htdocs\sinjam\system\Model.php(183): CodeIgniter\Database\BaseBuilder->get()
#3 D:\sampp7427\htdocs\sinjam\system\BaseModel.php(584): CodeIgniter\Model->doFindAll(0, 0)
#4 D:\sampp7427\htdocs\sinjam\app\Controllers\User.php(22): CodeIgniter\BaseModel->findAll()
#5 D:\sampp7427\htdocs\sinjam\system\CodeIgniter.php(824): App\Controllers\User->muatData()
#6 D:\sampp7427\htdocs\sinjam\system\CodeIgniter.php(410): CodeIgniter\CodeIgniter->runController(Object(App\Controllers\User))
#7 D:\sampp7427\htdocs\sinjam\system\CodeIgniter.php(318): CodeIgniter\CodeIgniter->handleRequest(NULL, Object(Config\Cache), false)
#8 D:\sampp7427\htdocs\sinjam\index.php(37): CodeIgniter\CodeIgniter->run()
#9 {main}
ERROR - 2024-08-29 14:03:22 --> Error connecting to the database: Access denied for user '****'@'localhost' (using password: YES)
CRITICAL - 2024-08-29 14:03:22 --> Unable to connect to the database.
Main connection [MySQLi]: Access denied for user '****'@'localhost' (using password: YES)
#0 D:\sampp7427\htdocs\sinjam\system\Database\BaseConnection.php(577): CodeIgniter\Database\BaseConnection->initialize()
#1 D:\sampp7427\htdocs\sinjam\system\Database\BaseBuilder.php(1443): CodeIgniter\Database\BaseConnection->query('SELECT *\nFROM `...', Array, false)
#2 D:\sampp7427\htdocs\sinjam\system\Model.php(183): CodeIgniter\Database\BaseBuilder->get()
#3 D:\sampp7427\htdocs\sinjam\system\BaseModel.php(584): CodeIgniter\Model->doFindAll(0, 0)
#4 D:\sampp7427\htdocs\sinjam\app\Controllers\User.php(22): CodeIgniter\BaseModel->findAll()
#5 D:\sampp7427\htdocs\sinjam\system\CodeIgniter.php(824): App\Controllers\User->muatData()
#6 D:\sampp7427\htdocs\sinjam\system\CodeIgniter.php(410): CodeIgniter\CodeIgniter->runController(Object(App\Controllers\User))
#7 D:\sampp7427\htdocs\sinjam\system\CodeIgniter.php(318): CodeIgniter\CodeIgniter->handleRequest(NULL, Object(Config\Cache), false)
#8 D:\sampp7427\htdocs\sinjam\index.php(37): CodeIgniter\CodeIgniter->run()
#9 {main}
ERROR - 2024-08-29 14:03:23 --> Error connecting to the database: Access denied for user '****'@'localhost' (using password: YES)
CRITICAL - 2024-08-29 14:03:23 --> Unable to connect to the database.
Main connection [MySQLi]: Access denied for user '****'@'localhost' (using password: YES)
#0 D:\sampp7427\htdocs\sinjam\system\Database\BaseConnection.php(577): CodeIgniter\Database\BaseConnection->initialize()
#1 D:\sampp7427\htdocs\sinjam\system\Database\BaseBuilder.php(1443): CodeIgniter\Database\BaseConnection->query('SELECT *\nFROM `...', Array, false)
#2 D:\sampp7427\htdocs\sinjam\system\Model.php(183): CodeIgniter\Database\BaseBuilder->get()
#3 D:\sampp7427\htdocs\sinjam\system\BaseModel.php(584): CodeIgniter\Model->doFindAll(0, 0)
#4 D:\sampp7427\htdocs\sinjam\app\Controllers\Nasabah.php(30): CodeIgniter\BaseModel->findAll()
#5 D:\sampp7427\htdocs\sinjam\system\CodeIgniter.php(824): App\Controllers\Nasabah->dataAktif()
#6 D:\sampp7427\htdocs\sinjam\system\CodeIgniter.php(410): CodeIgniter\CodeIgniter->runController(Object(App\Controllers\Nasabah))
#7 D:\sampp7427\htdocs\sinjam\system\CodeIgniter.php(318): CodeIgniter\CodeIgniter->handleRequest(NULL, Object(Config\Cache), false)
#8 D:\sampp7427\htdocs\sinjam\index.php(37): CodeIgniter\CodeIgniter->run()
#9 {main}
ERROR - 2024-08-29 14:03:24 --> Error connecting to the database: Access denied for user '****'@'localhost' (using password: YES)
CRITICAL - 2024-08-29 14:03:24 --> Unable to connect to the database.
Main connection [MySQLi]: Access denied for user '****'@'localhost' (using password: YES)
#0 D:\sampp7427\htdocs\sinjam\system\Database\BaseConnection.php(577): CodeIgniter\Database\BaseConnection->initialize()
#1 D:\sampp7427\htdocs\sinjam\system\Database\BaseBuilder.php(1443): CodeIgniter\Database\BaseConnection->query('SELECT *\nFROM `...', Array, false)
#2 D:\sampp7427\htdocs\sinjam\system\Model.php(183): CodeIgniter\Database\BaseBuilder->get()
#3 D:\sampp7427\htdocs\sinjam\system\BaseModel.php(584): CodeIgniter\Model->doFindAll(0, 0)
#4 D:\sampp7427\htdocs\sinjam\app\Controllers\Pinjaman.php(28): CodeIgniter\BaseModel->findAll()
#5 D:\sampp7427\htdocs\sinjam\system\CodeIgniter.php(824): App\Controllers\Pinjaman->data()
#6 D:\sampp7427\htdocs\sinjam\system\CodeIgniter.php(410): CodeIgniter\CodeIgniter->runController(Object(App\Controllers\Pinjaman))
#7 D:\sampp7427\htdocs\sinjam\system\CodeIgniter.php(318): CodeIgniter\CodeIgniter->handleRequest(NULL, Object(Config\Cache), false)
#8 D:\sampp7427\htdocs\sinjam\index.php(37): CodeIgniter\CodeIgniter->run()
#9 {main}
ERROR - 2024-08-29 14:03:24 --> Error connecting to the database: Access denied for user '****'@'localhost' (using password: YES)
CRITICAL - 2024-08-29 14:03:24 --> Unable to connect to the database.
Main connection [MySQLi]: Access denied for user '****'@'localhost' (using password: YES)
#0 D:\sampp7427\htdocs\sinjam\system\Database\BaseConnection.php(577): CodeIgniter\Database\BaseConnection->initialize()
#1 D:\sampp7427\htdocs\sinjam\system\Database\BaseBuilder.php(1443): CodeIgniter\Database\BaseConnection->query('SELECT *\nFROM `...', Array, false)
#2 D:\sampp7427\htdocs\sinjam\system\Model.php(183): CodeIgniter\Database\BaseBuilder->get()
#3 D:\sampp7427\htdocs\sinjam\system\BaseModel.php(584): CodeIgniter\Model->doFindAll(0, 0)
#4 D:\sampp7427\htdocs\sinjam\app\Controllers\Nasabah.php(30): CodeIgniter\BaseModel->findAll()
#5 D:\sampp7427\htdocs\sinjam\system\CodeIgniter.php(824): App\Controllers\Nasabah->dataAktif()
#6 D:\sampp7427\htdocs\sinjam\system\CodeIgniter.php(410): CodeIgniter\CodeIgniter->runController(Object(App\Controllers\Nasabah))
#7 D:\sampp7427\htdocs\sinjam\system\CodeIgniter.php(318): CodeIgniter\CodeIgniter->handleRequest(NULL, Object(Config\Cache), false)
#8 D:\sampp7427\htdocs\sinjam\index.php(37): CodeIgniter\CodeIgniter->run()
#9 {main}
ERROR - 2024-08-29 14:03:26 --> Error connecting to the database: Access denied for user '****'@'localhost' (using password: YES)
CRITICAL - 2024-08-29 14:03:26 --> Unable to connect to the database.
Main connection [MySQLi]: Access denied for user '****'@'localhost' (using password: YES)
#0 D:\sampp7427\htdocs\sinjam\system\Database\BaseConnection.php(577): CodeIgniter\Database\BaseConnection->initialize()
#1 D:\sampp7427\htdocs\sinjam\system\Database\BaseBuilder.php(1443): CodeIgniter\Database\BaseConnection->query('SELECT *\nFROM `...', Array, false)
#2 D:\sampp7427\htdocs\sinjam\system\Model.php(183): CodeIgniter\Database\BaseBuilder->get()
#3 D:\sampp7427\htdocs\sinjam\system\BaseModel.php(584): CodeIgniter\Model->doFindAll(0, 0)
#4 D:\sampp7427\htdocs\sinjam\app\Controllers\Nasabah.php(25): CodeIgniter\BaseModel->findAll()
#5 D:\sampp7427\htdocs\sinjam\system\CodeIgniter.php(824): App\Controllers\Nasabah->data()
#6 D:\sampp7427\htdocs\sinjam\system\CodeIgniter.php(410): CodeIgniter\CodeIgniter->runController(Object(App\Controllers\Nasabah))
#7 D:\sampp7427\htdocs\sinjam\system\CodeIgniter.php(318): CodeIgniter\CodeIgniter->handleRequest(NULL, Object(Config\Cache), false)
#8 D:\sampp7427\htdocs\sinjam\index.php(37): CodeIgniter\CodeIgniter->run()
#9 {main}
ERROR - 2024-08-29 14:03:27 --> Error connecting to the database: Access denied for user '****'@'localhost' (using password: YES)
CRITICAL - 2024-08-29 14:03:27 --> Unable to connect to the database.
Main connection [MySQLi]: Access denied for user '****'@'localhost' (using password: YES)
#0 D:\sampp7427\htdocs\sinjam\system\Database\BaseConnection.php(577): CodeIgniter\Database\BaseConnection->initialize()
#1 D:\sampp7427\htdocs\sinjam\system\Database\BaseBuilder.php(1443): CodeIgniter\Database\BaseConnection->query('SELECT *\nFROM `...', Array, false)
#2 D:\sampp7427\htdocs\sinjam\system\Model.php(183): CodeIgniter\Database\BaseBuilder->get()
#3 D:\sampp7427\htdocs\sinjam\system\BaseModel.php(584): CodeIgniter\Model->doFindAll(0, 0)
#4 D:\sampp7427\htdocs\sinjam\app\Controllers\User.php(22): CodeIgniter\BaseModel->findAll()
#5 D:\sampp7427\htdocs\sinjam\system\CodeIgniter.php(824): App\Controllers\User->muatData()
#6 D:\sampp7427\htdocs\sinjam\system\CodeIgniter.php(410): CodeIgniter\CodeIgniter->runController(Object(App\Controllers\User))
#7 D:\sampp7427\htdocs\sinjam\system\CodeIgniter.php(318): CodeIgniter\CodeIgniter->handleRequest(NULL, Object(Config\Cache), false)
#8 D:\sampp7427\htdocs\sinjam\index.php(37): CodeIgniter\CodeIgniter->run()
#9 {main}
ERROR - 2024-08-29 14:03:28 --> Error connecting to the database: Access denied for user '****'@'localhost' (using password: YES)
CRITICAL - 2024-08-29 14:03:28 --> Unable to connect to the database.
Main connection [MySQLi]: Access denied for user '****'@'localhost' (using password: YES)
#0 D:\sampp7427\htdocs\sinjam\system\Database\BaseConnection.php(577): CodeIgniter\Database\BaseConnection->initialize()
#1 D:\sampp7427\htdocs\sinjam\system\Database\BaseBuilder.php(1443): CodeIgniter\Database\BaseConnection->query('SELECT *\nFROM `...', Array, false)
#2 D:\sampp7427\htdocs\sinjam\system\Model.php(183): CodeIgniter\Database\BaseBuilder->get()
#3 D:\sampp7427\htdocs\sinjam\system\BaseModel.php(584): CodeIgniter\Model->doFindAll(0, 0)
#4 D:\sampp7427\htdocs\sinjam\app\Controllers\Nasabah.php(25): CodeIgniter\BaseModel->findAll()
#5 D:\sampp7427\htdocs\sinjam\system\CodeIgniter.php(824): App\Controllers\Nasabah->data()
#6 D:\sampp7427\htdocs\sinjam\system\CodeIgniter.php(410): CodeIgniter\CodeIgniter->runController(Object(App\Controllers\Nasabah))
#7 D:\sampp7427\htdocs\sinjam\system\CodeIgniter.php(318): CodeIgniter\CodeIgniter->handleRequest(NULL, Object(Config\Cache), false)
#8 D:\sampp7427\htdocs\sinjam\index.php(37): CodeIgniter\CodeIgniter->run()
#9 {main}
ERROR - 2024-08-29 14:03:33 --> Error connecting to the database: Access denied for user '****'@'localhost' (using password: YES)
CRITICAL - 2024-08-29 14:03:33 --> Unable to connect to the database.
Main connection [MySQLi]: Access denied for user '****'@'localhost' (using password: YES)
#0 D:\sampp7427\htdocs\sinjam\system\Database\BaseConnection.php(577): CodeIgniter\Database\BaseConnection->initialize()
#1 D:\sampp7427\htdocs\sinjam\system\Database\BaseBuilder.php(1443): CodeIgniter\Database\BaseConnection->query('SELECT *\nFROM `...', Array, false)
#2 D:\sampp7427\htdocs\sinjam\system\Model.php(183): CodeIgniter\Database\BaseBuilder->get()
#3 D:\sampp7427\htdocs\sinjam\system\BaseModel.php(584): CodeIgniter\Model->doFindAll(0, 0)
#4 D:\sampp7427\htdocs\sinjam\app\Controllers\Nasabah.php(25): CodeIgniter\BaseModel->findAll()
#5 D:\sampp7427\htdocs\sinjam\system\CodeIgniter.php(824): App\Controllers\Nasabah->data()
#6 D:\sampp7427\htdocs\sinjam\system\CodeIgniter.php(410): CodeIgniter\CodeIgniter->runController(Object(App\Controllers\Nasabah))
#7 D:\sampp7427\htdocs\sinjam\system\CodeIgniter.php(318): CodeIgniter\CodeIgniter->handleRequest(NULL, Object(Config\Cache), false)
#8 D:\sampp7427\htdocs\sinjam\index.php(37): CodeIgniter\CodeIgniter->run()
#9 {main}
ERROR - 2024-08-29 14:03:35 --> Error connecting to the database: Access denied for user '****'@'localhost' (using password: YES)
CRITICAL - 2024-08-29 14:03:35 --> Unable to connect to the database.
Main connection [MySQLi]: Access denied for user '****'@'localhost' (using password: YES)
#0 D:\sampp7427\htdocs\sinjam\system\Database\BaseConnection.php(577): CodeIgniter\Database\BaseConnection->initialize()
#1 D:\sampp7427\htdocs\sinjam\system\Database\BaseBuilder.php(1443): CodeIgniter\Database\BaseConnection->query('SELECT *\nFROM `...', Array, false)
#2 D:\sampp7427\htdocs\sinjam\system\Model.php(183): CodeIgniter\Database\BaseBuilder->get()
#3 D:\sampp7427\htdocs\sinjam\system\BaseModel.php(584): CodeIgniter\Model->doFindAll(0, 0)
#4 D:\sampp7427\htdocs\sinjam\app\Controllers\Nasabah.php(25): CodeIgniter\BaseModel->findAll()
#5 D:\sampp7427\htdocs\sinjam\system\CodeIgniter.php(824): App\Controllers\Nasabah->data()
#6 D:\sampp7427\htdocs\sinjam\system\CodeIgniter.php(410): CodeIgniter\CodeIgniter->runController(Object(App\Controllers\Nasabah))
#7 D:\sampp7427\htdocs\sinjam\system\CodeIgniter.php(318): CodeIgniter\CodeIgniter->handleRequest(NULL, Object(Config\Cache), false)
#8 D:\sampp7427\htdocs\sinjam\index.php(37): CodeIgniter\CodeIgniter->run()
#9 {main}
ERROR - 2024-08-29 14:03:38 --> Error connecting to the database: Access denied for user '****'@'localhost' (using password: YES)
CRITICAL - 2024-08-29 14:03:38 --> Unable to connect to the database.
Main connection [MySQLi]: Access denied for user '****'@'localhost' (using password: YES)
#0 D:\sampp7427\htdocs\sinjam\system\Database\BaseConnection.php(577): CodeIgniter\Database\BaseConnection->initialize()
#1 D:\sampp7427\htdocs\sinjam\system\Database\BaseBuilder.php(1443): CodeIgniter\Database\BaseConnection->query('SELECT *\nFROM `...', Array, false)
#2 D:\sampp7427\htdocs\sinjam\system\Model.php(183): CodeIgniter\Database\BaseBuilder->get()
#3 D:\sampp7427\htdocs\sinjam\system\BaseModel.php(584): CodeIgniter\Model->doFindAll(0, 0)
#4 D:\sampp7427\htdocs\sinjam\app\Controllers\Nasabah.php(25): CodeIgniter\BaseModel->findAll()
#5 D:\sampp7427\htdocs\sinjam\system\CodeIgniter.php(824): App\Controllers\Nasabah->data()
#6 D:\sampp7427\htdocs\sinjam\system\CodeIgniter.php(410): CodeIgniter\CodeIgniter->runController(Object(App\Controllers\Nasabah))
#7 D:\sampp7427\htdocs\sinjam\system\CodeIgniter.php(318): CodeIgniter\CodeIgniter->handleRequest(NULL, Object(Config\Cache), false)
#8 D:\sampp7427\htdocs\sinjam\index.php(37): CodeIgniter\CodeIgniter->run()
#9 {main}
ERROR - 2024-08-29 14:03:58 --> Error connecting to the database: Access denied for user '****'@'localhost' (using password: YES)
CRITICAL - 2024-08-29 14:03:58 --> Unable to connect to the database.
Main connection [MySQLi]: Access denied for user '****'@'localhost' (using password: YES)
#0 D:\sampp7427\htdocs\sinjam\system\Database\BaseConnection.php(577): CodeIgniter\Database\BaseConnection->initialize()
#1 D:\sampp7427\htdocs\sinjam\system\Database\BaseBuilder.php(1759): CodeIgniter\Database\BaseConnection->query('INSERT INTO `na...', Array, false)
#2 D:\sampp7427\htdocs\sinjam\system\Model.php(239): CodeIgniter\Database\BaseBuilder->insert()
#3 D:\sampp7427\htdocs\sinjam\system\BaseModel.php(738): CodeIgniter\Model->doInsert(Array)
#4 D:\sampp7427\htdocs\sinjam\system\Model.php(620): CodeIgniter\BaseModel->insert(Array, true)
#5 D:\sampp7427\htdocs\sinjam\app\Controllers\Nasabah.php(49): CodeIgniter\Model->insert(Array)
#6 D:\sampp7427\htdocs\sinjam\system\CodeIgniter.php(824): App\Controllers\Nasabah->tambah()
#7 D:\sampp7427\htdocs\sinjam\system\CodeIgniter.php(410): CodeIgniter\CodeIgniter->runController(Object(App\Controllers\Nasabah))
#8 D:\sampp7427\htdocs\sinjam\system\CodeIgniter.php(318): CodeIgniter\CodeIgniter->handleRequest(NULL, Object(Config\Cache), false)
#9 D:\sampp7427\htdocs\sinjam\index.php(37): CodeIgniter\CodeIgniter->run()
#10 {main}
ERROR - 2024-08-29 14:04:04 --> Error connecting to the database: Access denied for user '****'@'localhost' (using password: YES)
CRITICAL - 2024-08-29 14:04:04 --> Unable to connect to the database.
Main connection [MySQLi]: Access denied for user '****'@'localhost' (using password: YES)
#0 D:\sampp7427\htdocs\sinjam\system\Database\BaseConnection.php(577): CodeIgniter\Database\BaseConnection->initialize()
#1 D:\sampp7427\htdocs\sinjam\system\Database\BaseBuilder.php(1759): CodeIgniter\Database\BaseConnection->query('INSERT INTO `na...', Array, false)
#2 D:\sampp7427\htdocs\sinjam\system\Model.php(239): CodeIgniter\Database\BaseBuilder->insert()
#3 D:\sampp7427\htdocs\sinjam\system\BaseModel.php(738): CodeIgniter\Model->doInsert(Array)
#4 D:\sampp7427\htdocs\sinjam\system\Model.php(620): CodeIgniter\BaseModel->insert(Array, true)
#5 D:\sampp7427\htdocs\sinjam\app\Controllers\Nasabah.php(49): CodeIgniter\Model->insert(Array)
#6 D:\sampp7427\htdocs\sinjam\system\CodeIgniter.php(824): App\Controllers\Nasabah->tambah()
#7 D:\sampp7427\htdocs\sinjam\system\CodeIgniter.php(410): CodeIgniter\CodeIgniter->runController(Object(App\Controllers\Nasabah))
#8 D:\sampp7427\htdocs\sinjam\system\CodeIgniter.php(318): CodeIgniter\CodeIgniter->handleRequest(NULL, Object(Config\Cache), false)
#9 D:\sampp7427\htdocs\sinjam\index.php(37): CodeIgniter\CodeIgniter->run()
#10 {main}
ERROR - 2024-08-29 14:04:19 --> Error connecting to the database: Access denied for user '****'@'localhost' (using password: YES)
CRITICAL - 2024-08-29 14:04:19 --> Unable to connect to the database.
Main connection [MySQLi]: Access denied for user '****'@'localhost' (using password: YES)
#0 D:\sampp7427\htdocs\sinjam\system\Database\BaseConnection.php(577): CodeIgniter\Database\BaseConnection->initialize()
#1 D:\sampp7427\htdocs\sinjam\system\Database\BaseBuilder.php(1759): CodeIgniter\Database\BaseConnection->query('INSERT INTO `na...', Array, false)
#2 D:\sampp7427\htdocs\sinjam\system\Model.php(239): CodeIgniter\Database\BaseBuilder->insert()
#3 D:\sampp7427\htdocs\sinjam\system\BaseModel.php(738): CodeIgniter\Model->doInsert(Array)
#4 D:\sampp7427\htdocs\sinjam\system\Model.php(620): CodeIgniter\BaseModel->insert(Array, true)
#5 D:\sampp7427\htdocs\sinjam\app\Controllers\Nasabah.php(49): CodeIgniter\Model->insert(Array)
#6 D:\sampp7427\htdocs\sinjam\system\CodeIgniter.php(824): App\Controllers\Nasabah->tambah()
#7 D:\sampp7427\htdocs\sinjam\system\CodeIgniter.php(410): CodeIgniter\CodeIgniter->runController(Object(App\Controllers\Nasabah))
#8 D:\sampp7427\htdocs\sinjam\system\CodeIgniter.php(318): CodeIgniter\CodeIgniter->handleRequest(NULL, Object(Config\Cache), false)
#9 D:\sampp7427\htdocs\sinjam\index.php(37): CodeIgniter\CodeIgniter->run()
#10 {main}
ERROR - 2024-08-29 14:04:32 --> Error connecting to the database: Access denied for user '****'@'localhost' (using password: YES)
CRITICAL - 2024-08-29 14:04:32 --> Unable to connect to the database.
Main connection [MySQLi]: Access denied for user '****'@'localhost' (using password: YES)
#0 D:\sampp7427\htdocs\sinjam\system\Database\BaseConnection.php(577): CodeIgniter\Database\BaseConnection->initialize()
#1 D:\sampp7427\htdocs\sinjam\system\Database\BaseBuilder.php(1443): CodeIgniter\Database\BaseConnection->query('SELECT *\nFROM `...', Array, false)
#2 D:\sampp7427\htdocs\sinjam\system\Model.php(183): CodeIgniter\Database\BaseBuilder->get()
#3 D:\sampp7427\htdocs\sinjam\system\BaseModel.php(584): CodeIgniter\Model->doFindAll(0, 0)
#4 D:\sampp7427\htdocs\sinjam\app\Controllers\Nasabah.php(25): CodeIgniter\BaseModel->findAll()
#5 D:\sampp7427\htdocs\sinjam\system\CodeIgniter.php(824): App\Controllers\Nasabah->data()
#6 D:\sampp7427\htdocs\sinjam\system\CodeIgniter.php(410): CodeIgniter\CodeIgniter->runController(Object(App\Controllers\Nasabah))
#7 D:\sampp7427\htdocs\sinjam\system\CodeIgniter.php(318): CodeIgniter\CodeIgniter->handleRequest(NULL, Object(Config\Cache), false)
#8 D:\sampp7427\htdocs\sinjam\index.php(37): CodeIgniter\CodeIgniter->run()
#9 {main}
ERROR - 2024-08-29 14:05:06 --> Error connecting to the database: Access denied for user '****'@'localhost' (using password: YES)
CRITICAL - 2024-08-29 14:05:06 --> Unable to connect to the database.
Main connection [MySQLi]: Access denied for user '****'@'localhost' (using password: YES)
#0 D:\sampp7427\htdocs\sinjam\system\Database\BaseConnection.php(577): CodeIgniter\Database\BaseConnection->initialize()
#1 D:\sampp7427\htdocs\sinjam\system\Database\BaseBuilder.php(1759): CodeIgniter\Database\BaseConnection->query('INSERT INTO `na...', Array, false)
#2 D:\sampp7427\htdocs\sinjam\system\Model.php(239): CodeIgniter\Database\BaseBuilder->insert()
#3 D:\sampp7427\htdocs\sinjam\system\BaseModel.php(738): CodeIgniter\Model->doInsert(Array)
#4 D:\sampp7427\htdocs\sinjam\system\Model.php(620): CodeIgniter\BaseModel->insert(Array, true)
#5 D:\sampp7427\htdocs\sinjam\app\Controllers\Nasabah.php(49): CodeIgniter\Model->insert(Array)
#6 D:\sampp7427\htdocs\sinjam\system\CodeIgniter.php(824): App\Controllers\Nasabah->tambah()
#7 D:\sampp7427\htdocs\sinjam\system\CodeIgniter.php(410): CodeIgniter\CodeIgniter->runController(Object(App\Controllers\Nasabah))
#8 D:\sampp7427\htdocs\sinjam\system\CodeIgniter.php(318): CodeIgniter\CodeIgniter->handleRequest(NULL, Object(Config\Cache), false)
#9 D:\sampp7427\htdocs\sinjam\index.php(37): CodeIgniter\CodeIgniter->run()
#10 {main}
ERROR - 2024-08-29 14:05:10 --> Error connecting to the database: Access denied for user '****'@'localhost' (using password: YES)
CRITICAL - 2024-08-29 14:05:10 --> Unable to connect to the database.
Main connection [MySQLi]: Access denied for user '****'@'localhost' (using password: YES)
#0 D:\sampp7427\htdocs\sinjam\system\Database\BaseConnection.php(577): CodeIgniter\Database\BaseConnection->initialize()
#1 D:\sampp7427\htdocs\sinjam\system\Database\BaseBuilder.php(1759): CodeIgniter\Database\BaseConnection->query('INSERT INTO `na...', Array, false)
#2 D:\sampp7427\htdocs\sinjam\system\Model.php(239): CodeIgniter\Database\BaseBuilder->insert()
#3 D:\sampp7427\htdocs\sinjam\system\BaseModel.php(738): CodeIgniter\Model->doInsert(Array)
#4 D:\sampp7427\htdocs\sinjam\system\Model.php(620): CodeIgniter\BaseModel->insert(Array, true)
#5 D:\sampp7427\htdocs\sinjam\app\Controllers\Nasabah.php(49): CodeIgniter\Model->insert(Array)
#6 D:\sampp7427\htdocs\sinjam\system\CodeIgniter.php(824): App\Controllers\Nasabah->tambah()
#7 D:\sampp7427\htdocs\sinjam\system\CodeIgniter.php(410): CodeIgniter\CodeIgniter->runController(Object(App\Controllers\Nasabah))
#8 D:\sampp7427\htdocs\sinjam\system\CodeIgniter.php(318): CodeIgniter\CodeIgniter->handleRequest(NULL, Object(Config\Cache), false)
#9 D:\sampp7427\htdocs\sinjam\index.php(37): CodeIgniter\CodeIgniter->run()
#10 {main}
ERROR - 2024-08-29 14:08:48 --> Error connecting to the database: Access denied for user '****'@'localhost' (using password: YES)
CRITICAL - 2024-08-29 14:08:48 --> Unable to connect to the database.
Main connection [MySQLi]: Access denied for user '****'@'localhost' (using password: YES)
#0 D:\sampp7427\htdocs\sinjam\system\Database\BaseConnection.php(577): CodeIgniter\Database\BaseConnection->initialize()
#1 D:\sampp7427\htdocs\sinjam\system\Database\BaseBuilder.php(1443): CodeIgniter\Database\BaseConnection->query('SELECT *\nFROM `...', Array, false)
#2 D:\sampp7427\htdocs\sinjam\system\Model.php(183): CodeIgniter\Database\BaseBuilder->get()
#3 D:\sampp7427\htdocs\sinjam\system\BaseModel.php(584): CodeIgniter\Model->doFindAll(0, 0)
#4 D:\sampp7427\htdocs\sinjam\app\Controllers\Pinjaman.php(28): CodeIgniter\BaseModel->findAll()
#5 D:\sampp7427\htdocs\sinjam\system\CodeIgniter.php(824): App\Controllers\Pinjaman->data()
#6 D:\sampp7427\htdocs\sinjam\system\CodeIgniter.php(410): CodeIgniter\CodeIgniter->runController(Object(App\Controllers\Pinjaman))
#7 D:\sampp7427\htdocs\sinjam\system\CodeIgniter.php(318): CodeIgniter\CodeIgniter->handleRequest(NULL, Object(Config\Cache), false)
#8 D:\sampp7427\htdocs\sinjam\index.php(37): CodeIgniter\CodeIgniter->run()
#9 {main}
ERROR - 2024-08-29 14:08:48 --> Error connecting to the database: Access denied for user '****'@'localhost' (using password: YES)
CRITICAL - 2024-08-29 14:08:48 --> Unable to connect to the database.
Main connection [MySQLi]: Access denied for user '****'@'localhost' (using password: YES)
#0 D:\sampp7427\htdocs\sinjam\system\Database\BaseConnection.php(577): CodeIgniter\Database\BaseConnection->initialize()
#1 D:\sampp7427\htdocs\sinjam\system\Database\BaseBuilder.php(1443): CodeIgniter\Database\BaseConnection->query('SELECT *\nFROM `...', Array, false)
#2 D:\sampp7427\htdocs\sinjam\system\Model.php(183): CodeIgniter\Database\BaseBuilder->get()
#3 D:\sampp7427\htdocs\sinjam\system\BaseModel.php(584): CodeIgniter\Model->doFindAll(0, 0)
#4 D:\sampp7427\htdocs\sinjam\app\Controllers\Nasabah.php(30): CodeIgniter\BaseModel->findAll()
#5 D:\sampp7427\htdocs\sinjam\system\CodeIgniter.php(824): App\Controllers\Nasabah->dataAktif()
#6 D:\sampp7427\htdocs\sinjam\system\CodeIgniter.php(410): CodeIgniter\CodeIgniter->runController(Object(App\Controllers\Nasabah))
#7 D:\sampp7427\htdocs\sinjam\system\CodeIgniter.php(318): CodeIgniter\CodeIgniter->handleRequest(NULL, Object(Config\Cache), false)
#8 D:\sampp7427\htdocs\sinjam\index.php(37): CodeIgniter\CodeIgniter->run()
#9 {main}
ERROR - 2024-08-29 14:08:52 --> Error connecting to the database: Access denied for user '****'@'localhost' (using password: YES)
CRITICAL - 2024-08-29 14:08:52 --> Unable to connect to the database.
Main connection [MySQLi]: Access denied for user '****'@'localhost' (using password: YES)
#0 D:\sampp7427\htdocs\sinjam\system\Database\BaseConnection.php(577): CodeIgniter\Database\BaseConnection->initialize()
#1 D:\sampp7427\htdocs\sinjam\system\Database\BaseBuilder.php(1443): CodeIgniter\Database\BaseConnection->query('SELECT *\nFROM `...', Array, false)
#2 D:\sampp7427\htdocs\sinjam\system\Model.php(183): CodeIgniter\Database\BaseBuilder->get()
#3 D:\sampp7427\htdocs\sinjam\system\BaseModel.php(584): CodeIgniter\Model->doFindAll(0, 0)
#4 D:\sampp7427\htdocs\sinjam\app\Controllers\Pinjaman.php(28): CodeIgniter\BaseModel->findAll()
#5 D:\sampp7427\htdocs\sinjam\system\CodeIgniter.php(824): App\Controllers\Pinjaman->data()
#6 D:\sampp7427\htdocs\sinjam\system\CodeIgniter.php(410): CodeIgniter\CodeIgniter->runController(Object(App\Controllers\Pinjaman))
#7 D:\sampp7427\htdocs\sinjam\system\CodeIgniter.php(318): CodeIgniter\CodeIgniter->handleRequest(NULL, Object(Config\Cache), false)
#8 D:\sampp7427\htdocs\sinjam\index.php(37): CodeIgniter\CodeIgniter->run()
#9 {main}
ERROR - 2024-08-29 14:08:52 --> Error connecting to the database: Access denied for user '****'@'localhost' (using password: YES)
CRITICAL - 2024-08-29 14:08:52 --> Unable to connect to the database.
Main connection [MySQLi]: Access denied for user '****'@'localhost' (using password: YES)
#0 D:\sampp7427\htdocs\sinjam\system\Database\BaseConnection.php(577): CodeIgniter\Database\BaseConnection->initialize()
#1 D:\sampp7427\htdocs\sinjam\system\Database\BaseBuilder.php(1443): CodeIgniter\Database\BaseConnection->query('SELECT *\nFROM `...', Array, false)
#2 D:\sampp7427\htdocs\sinjam\system\Model.php(183): CodeIgniter\Database\BaseBuilder->get()
#3 D:\sampp7427\htdocs\sinjam\system\BaseModel.php(584): CodeIgniter\Model->doFindAll(0, 0)
#4 D:\sampp7427\htdocs\sinjam\app\Controllers\Nasabah.php(30): CodeIgniter\BaseModel->findAll()
#5 D:\sampp7427\htdocs\sinjam\system\CodeIgniter.php(824): App\Controllers\Nasabah->dataAktif()
#6 D:\sampp7427\htdocs\sinjam\system\CodeIgniter.php(410): CodeIgniter\CodeIgniter->runController(Object(App\Controllers\Nasabah))
#7 D:\sampp7427\htdocs\sinjam\system\CodeIgniter.php(318): CodeIgniter\CodeIgniter->handleRequest(NULL, Object(Config\Cache), false)
#8 D:\sampp7427\htdocs\sinjam\index.php(37): CodeIgniter\CodeIgniter->run()
#9 {main}
ERROR - 2024-08-29 14:08:53 --> Error connecting to the database: Access denied for user '****'@'localhost' (using password: YES)
CRITICAL - 2024-08-29 14:08:53 --> Unable to connect to the database.
Main connection [MySQLi]: Access denied for user '****'@'localhost' (using password: YES)
#0 D:\sampp7427\htdocs\sinjam\system\Database\BaseConnection.php(577): CodeIgniter\Database\BaseConnection->initialize()
#1 D:\sampp7427\htdocs\sinjam\system\Database\BaseBuilder.php(1443): CodeIgniter\Database\BaseConnection->query('SELECT *\nFROM `...', Array, false)
#2 D:\sampp7427\htdocs\sinjam\system\Model.php(183): CodeIgniter\Database\BaseBuilder->get()
#3 D:\sampp7427\htdocs\sinjam\system\BaseModel.php(584): CodeIgniter\Model->doFindAll(0, 0)
#4 D:\sampp7427\htdocs\sinjam\app\Controllers\Pinjaman.php(28): CodeIgniter\BaseModel->findAll()
#5 D:\sampp7427\htdocs\sinjam\system\CodeIgniter.php(824): App\Controllers\Pinjaman->data()
#6 D:\sampp7427\htdocs\sinjam\system\CodeIgniter.php(410): CodeIgniter\CodeIgniter->runController(Object(App\Controllers\Pinjaman))
#7 D:\sampp7427\htdocs\sinjam\system\CodeIgniter.php(318): CodeIgniter\CodeIgniter->handleRequest(NULL, Object(Config\Cache), false)
#8 D:\sampp7427\htdocs\sinjam\index.php(37): CodeIgniter\CodeIgniter->run()
#9 {main}
ERROR - 2024-08-29 14:08:53 --> Error connecting to the database: Access denied for user '****'@'localhost' (using password: YES)
CRITICAL - 2024-08-29 14:08:53 --> Unable to connect to the database.
Main connection [MySQLi]: Access denied for user '****'@'localhost' (using password: YES)
#0 D:\sampp7427\htdocs\sinjam\system\Database\BaseConnection.php(577): CodeIgniter\Database\BaseConnection->initialize()
#1 D:\sampp7427\htdocs\sinjam\system\Database\BaseBuilder.php(1443): CodeIgniter\Database\BaseConnection->query('SELECT *\nFROM `...', Array, false)
#2 D:\sampp7427\htdocs\sinjam\system\Model.php(183): CodeIgniter\Database\BaseBuilder->get()
#3 D:\sampp7427\htdocs\sinjam\system\BaseModel.php(584): CodeIgniter\Model->doFindAll(0, 0)
#4 D:\sampp7427\htdocs\sinjam\app\Controllers\Nasabah.php(30): CodeIgniter\BaseModel->findAll()
#5 D:\sampp7427\htdocs\sinjam\system\CodeIgniter.php(824): App\Controllers\Nasabah->dataAktif()
#6 D:\sampp7427\htdocs\sinjam\system\CodeIgniter.php(410): CodeIgniter\CodeIgniter->runController(Object(App\Controllers\Nasabah))
#7 D:\sampp7427\htdocs\sinjam\system\CodeIgniter.php(318): CodeIgniter\CodeIgniter->handleRequest(NULL, Object(Config\Cache), false)
#8 D:\sampp7427\htdocs\sinjam\index.php(37): CodeIgniter\CodeIgniter->run()
#9 {main}
ERROR - 2024-08-29 14:08:53 --> Error connecting to the database: Access denied for user '****'@'localhost' (using password: YES)
CRITICAL - 2024-08-29 14:08:53 --> Unable to connect to the database.
Main connection [MySQLi]: Access denied for user '****'@'localhost' (using password: YES)
#0 D:\sampp7427\htdocs\sinjam\system\Database\BaseConnection.php(577): CodeIgniter\Database\BaseConnection->initialize()
#1 D:\sampp7427\htdocs\sinjam\system\Database\BaseBuilder.php(1443): CodeIgniter\Database\BaseConnection->query('SELECT *\nFROM `...', Array, false)
#2 D:\sampp7427\htdocs\sinjam\system\Model.php(183): CodeIgniter\Database\BaseBuilder->get()
#3 D:\sampp7427\htdocs\sinjam\system\BaseModel.php(584): CodeIgniter\Model->doFindAll(0, 0)
#4 D:\sampp7427\htdocs\sinjam\app\Controllers\Pinjaman.php(28): CodeIgniter\BaseModel->findAll()
#5 D:\sampp7427\htdocs\sinjam\system\CodeIgniter.php(824): App\Controllers\Pinjaman->data()
#6 D:\sampp7427\htdocs\sinjam\system\CodeIgniter.php(410): CodeIgniter\CodeIgniter->runController(Object(App\Controllers\Pinjaman))
#7 D:\sampp7427\htdocs\sinjam\system\CodeIgniter.php(318): CodeIgniter\CodeIgniter->handleRequest(NULL, Object(Config\Cache), false)
#8 D:\sampp7427\htdocs\sinjam\index.php(37): CodeIgniter\CodeIgniter->run()
#9 {main}
ERROR - 2024-08-29 14:08:53 --> Error connecting to the database: Access denied for user '****'@'localhost' (using password: YES)
CRITICAL - 2024-08-29 14:08:53 --> Unable to connect to the database.
Main connection [MySQLi]: Access denied for user '****'@'localhost' (using password: YES)
#0 D:\sampp7427\htdocs\sinjam\system\Database\BaseConnection.php(577): CodeIgniter\Database\BaseConnection->initialize()
#1 D:\sampp7427\htdocs\sinjam\system\Database\BaseBuilder.php(1443): CodeIgniter\Database\BaseConnection->query('SELECT *\nFROM `...', Array, false)
#2 D:\sampp7427\htdocs\sinjam\system\Model.php(183): CodeIgniter\Database\BaseBuilder->get()
#3 D:\sampp7427\htdocs\sinjam\system\BaseModel.php(584): CodeIgniter\Model->doFindAll(0, 0)
#4 D:\sampp7427\htdocs\sinjam\app\Controllers\Nasabah.php(30): CodeIgniter\BaseModel->findAll()
#5 D:\sampp7427\htdocs\sinjam\system\CodeIgniter.php(824): App\Controllers\Nasabah->dataAktif()
#6 D:\sampp7427\htdocs\sinjam\system\CodeIgniter.php(410): CodeIgniter\CodeIgniter->runController(Object(App\Controllers\Nasabah))
#7 D:\sampp7427\htdocs\sinjam\system\CodeIgniter.php(318): CodeIgniter\CodeIgniter->handleRequest(NULL, Object(Config\Cache), false)
#8 D:\sampp7427\htdocs\sinjam\index.php(37): CodeIgniter\CodeIgniter->run()
#9 {main}
ERROR - 2024-08-29 14:08:55 --> Error connecting to the database: Access denied for user '****'@'localhost' (using password: YES)
CRITICAL - 2024-08-29 14:08:55 --> Unable to connect to the database.
Main connection [MySQLi]: Access denied for user '****'@'localhost' (using password: YES)
#0 D:\sampp7427\htdocs\sinjam\system\Database\BaseConnection.php(577): CodeIgniter\Database\BaseConnection->initialize()
#1 D:\sampp7427\htdocs\sinjam\system\Database\BaseBuilder.php(1443): CodeIgniter\Database\BaseConnection->query('SELECT *\nFROM `...', Array, false)
#2 D:\sampp7427\htdocs\sinjam\system\Model.php(183): CodeIgniter\Database\BaseBuilder->get()
#3 D:\sampp7427\htdocs\sinjam\system\BaseModel.php(584): CodeIgniter\Model->doFindAll(0, 0)
#4 D:\sampp7427\htdocs\sinjam\app\Controllers\Nasabah.php(30): CodeIgniter\BaseModel->findAll()
#5 D:\sampp7427\htdocs\sinjam\system\CodeIgniter.php(824): App\Controllers\Nasabah->dataAktif()
#6 D:\sampp7427\htdocs\sinjam\system\CodeIgniter.php(410): CodeIgniter\CodeIgniter->runController(Object(App\Controllers\Nasabah))
#7 D:\sampp7427\htdocs\sinjam\system\CodeIgniter.php(318): CodeIgniter\CodeIgniter->handleRequest(NULL, Object(Config\Cache), false)
#8 D:\sampp7427\htdocs\sinjam\index.php(37): CodeIgniter\CodeIgniter->run()
#9 {main}
ERROR - 2024-08-29 14:08:56 --> Error connecting to the database: Access denied for user '****'@'localhost' (using password: YES)
CRITICAL - 2024-08-29 14:08:56 --> Unable to connect to the database.
Main connection [MySQLi]: Access denied for user '****'@'localhost' (using password: YES)
#0 D:\sampp7427\htdocs\sinjam\system\Database\BaseConnection.php(577): CodeIgniter\Database\BaseConnection->initialize()
#1 D:\sampp7427\htdocs\sinjam\system\Database\BaseBuilder.php(1443): CodeIgniter\Database\BaseConnection->query('SELECT *\nFROM `...', Array, false)
#2 D:\sampp7427\htdocs\sinjam\system\Model.php(183): CodeIgniter\Database\BaseBuilder->get()
#3 D:\sampp7427\htdocs\sinjam\system\BaseModel.php(584): CodeIgniter\Model->doFindAll(0, 0)
#4 D:\sampp7427\htdocs\sinjam\app\Controllers\Pinjaman.php(28): CodeIgniter\BaseModel->findAll()
#5 D:\sampp7427\htdocs\sinjam\system\CodeIgniter.php(824): App\Controllers\Pinjaman->data()
#6 D:\sampp7427\htdocs\sinjam\system\CodeIgniter.php(410): CodeIgniter\CodeIgniter->runController(Object(App\Controllers\Pinjaman))
#7 D:\sampp7427\htdocs\sinjam\system\CodeIgniter.php(318): CodeIgniter\CodeIgniter->handleRequest(NULL, Object(Config\Cache), false)
#8 D:\sampp7427\htdocs\sinjam\index.php(37): CodeIgniter\CodeIgniter->run()
#9 {main}
ERROR - 2024-08-29 14:08:56 --> Error connecting to the database: Access denied for user '****'@'localhost' (using password: YES)
CRITICAL - 2024-08-29 14:08:56 --> Unable to connect to the database.
Main connection [MySQLi]: Access denied for user '****'@'localhost' (using password: YES)
#0 D:\sampp7427\htdocs\sinjam\system\Database\BaseConnection.php(577): CodeIgniter\Database\BaseConnection->initialize()
#1 D:\sampp7427\htdocs\sinjam\system\Database\BaseBuilder.php(1443): CodeIgniter\Database\BaseConnection->query('SELECT *\nFROM `...', Array, false)
#2 D:\sampp7427\htdocs\sinjam\system\Model.php(183): CodeIgniter\Database\BaseBuilder->get()
#3 D:\sampp7427\htdocs\sinjam\system\BaseModel.php(584): CodeIgniter\Model->doFindAll(0, 0)
#4 D:\sampp7427\htdocs\sinjam\app\Controllers\Nasabah.php(30): CodeIgniter\BaseModel->findAll()
#5 D:\sampp7427\htdocs\sinjam\system\CodeIgniter.php(824): App\Controllers\Nasabah->dataAktif()
#6 D:\sampp7427\htdocs\sinjam\system\CodeIgniter.php(410): CodeIgniter\CodeIgniter->runController(Object(App\Controllers\Nasabah))
#7 D:\sampp7427\htdocs\sinjam\system\CodeIgniter.php(318): CodeIgniter\CodeIgniter->handleRequest(NULL, Object(Config\Cache), false)
#8 D:\sampp7427\htdocs\sinjam\index.php(37): CodeIgniter\CodeIgniter->run()
#9 {main}
ERROR - 2024-08-29 14:09:00 --> Error connecting to the database: Access denied for user '****'@'localhost' (using password: YES)
CRITICAL - 2024-08-29 14:09:00 --> Unable to connect to the database.
Main connection [MySQLi]: Access denied for user '****'@'localhost' (using password: YES)
#0 D:\sampp7427\htdocs\sinjam\system\Database\BaseConnection.php(577): CodeIgniter\Database\BaseConnection->initialize()
#1 D:\sampp7427\htdocs\sinjam\system\Database\BaseBuilder.php(1443): CodeIgniter\Database\BaseConnection->query('SELECT *\nFROM `...', Array, false)
#2 D:\sampp7427\htdocs\sinjam\system\Model.php(183): CodeIgniter\Database\BaseBuilder->get()
#3 D:\sampp7427\htdocs\sinjam\system\BaseModel.php(584): CodeIgniter\Model->doFindAll(0, 0)
#4 D:\sampp7427\htdocs\sinjam\app\Controllers\User.php(22): CodeIgniter\BaseModel->findAll()
#5 D:\sampp7427\htdocs\sinjam\system\CodeIgniter.php(824): App\Controllers\User->muatData()
#6 D:\sampp7427\htdocs\sinjam\system\CodeIgniter.php(410): CodeIgniter\CodeIgniter->runController(Object(App\Controllers\User))
#7 D:\sampp7427\htdocs\sinjam\system\CodeIgniter.php(318): CodeIgniter\CodeIgniter->handleRequest(NULL, Object(Config\Cache), false)
#8 D:\sampp7427\htdocs\sinjam\index.php(37): CodeIgniter\CodeIgniter->run()
#9 {main}
ERROR - 2024-08-29 14:09:01 --> Error connecting to the database: Access denied for user '****'@'localhost' (using password: YES)
CRITICAL - 2024-08-29 14:09:01 --> Unable to connect to the database.
Main connection [MySQLi]: Access denied for user '****'@'localhost' (using password: YES)
#0 D:\sampp7427\htdocs\sinjam\system\Database\BaseConnection.php(577): CodeIgniter\Database\BaseConnection->initialize()
#1 D:\sampp7427\htdocs\sinjam\system\Database\BaseBuilder.php(1443): CodeIgniter\Database\BaseConnection->query('SELECT *\nFROM `...', Array, false)
#2 D:\sampp7427\htdocs\sinjam\system\Model.php(183): CodeIgniter\Database\BaseBuilder->get()
#3 D:\sampp7427\htdocs\sinjam\system\BaseModel.php(584): CodeIgniter\Model->doFindAll(0, 0)
#4 D:\sampp7427\htdocs\sinjam\app\Controllers\Nasabah.php(25): CodeIgniter\BaseModel->findAll()
#5 D:\sampp7427\htdocs\sinjam\system\CodeIgniter.php(824): App\Controllers\Nasabah->data()
#6 D:\sampp7427\htdocs\sinjam\system\CodeIgniter.php(410): CodeIgniter\CodeIgniter->runController(Object(App\Controllers\Nasabah))
#7 D:\sampp7427\htdocs\sinjam\system\CodeIgniter.php(318): CodeIgniter\CodeIgniter->handleRequest(NULL, Object(Config\Cache), false)
#8 D:\sampp7427\htdocs\sinjam\index.php(37): CodeIgniter\CodeIgniter->run()
#9 {main}
ERROR - 2024-08-29 14:09:05 --> Error connecting to the database: Access denied for user '****'@'localhost' (using password: YES)
CRITICAL - 2024-08-29 14:09:05 --> Unable to connect to the database.
Main connection [MySQLi]: Access denied for user '****'@'localhost' (using password: YES)
#0 D:\sampp7427\htdocs\sinjam\system\Database\BaseConnection.php(577): CodeIgniter\Database\BaseConnection->initialize()
#1 D:\sampp7427\htdocs\sinjam\system\Database\BaseBuilder.php(1443): CodeIgniter\Database\BaseConnection->query('SELECT *\nFROM `...', Array, false)
#2 D:\sampp7427\htdocs\sinjam\system\Model.php(183): CodeIgniter\Database\BaseBuilder->get()
#3 D:\sampp7427\htdocs\sinjam\system\BaseModel.php(584): CodeIgniter\Model->doFindAll(0, 0)
#4 D:\sampp7427\htdocs\sinjam\app\Controllers\Nasabah.php(30): CodeIgniter\BaseModel->findAll()
#5 D:\sampp7427\htdocs\sinjam\system\CodeIgniter.php(824): App\Controllers\Nasabah->dataAktif()
#6 D:\sampp7427\htdocs\sinjam\system\CodeIgniter.php(410): CodeIgniter\CodeIgniter->runController(Object(App\Controllers\Nasabah))
#7 D:\sampp7427\htdocs\sinjam\system\CodeIgniter.php(318): CodeIgniter\CodeIgniter->handleRequest(NULL, Object(Config\Cache), false)
#8 D:\sampp7427\htdocs\sinjam\index.php(37): CodeIgniter\CodeIgniter->run()
#9 {main}
ERROR - 2024-08-29 14:09:05 --> Error connecting to the database: Access denied for user '****'@'localhost' (using password: YES)
CRITICAL - 2024-08-29 14:09:05 --> Unable to connect to the database.
Main connection [MySQLi]: Access denied for user '****'@'localhost' (using password: YES)
#0 D:\sampp7427\htdocs\sinjam\system\Database\BaseConnection.php(577): CodeIgniter\Database\BaseConnection->initialize()
#1 D:\sampp7427\htdocs\sinjam\system\Database\BaseBuilder.php(1443): CodeIgniter\Database\BaseConnection->query('SELECT *\nFROM `...', Array, false)
#2 D:\sampp7427\htdocs\sinjam\system\Model.php(183): CodeIgniter\Database\BaseBuilder->get()
#3 D:\sampp7427\htdocs\sinjam\system\BaseModel.php(584): CodeIgniter\Model->doFindAll(0, 0)
#4 D:\sampp7427\htdocs\sinjam\app\Controllers\Pinjaman.php(28): CodeIgniter\BaseModel->findAll()
#5 D:\sampp7427\htdocs\sinjam\system\CodeIgniter.php(824): App\Controllers\Pinjaman->data()
#6 D:\sampp7427\htdocs\sinjam\system\CodeIgniter.php(410): CodeIgniter\CodeIgniter->runController(Object(App\Controllers\Pinjaman))
#7 D:\sampp7427\htdocs\sinjam\system\CodeIgniter.php(318): CodeIgniter\CodeIgniter->handleRequest(NULL, Object(Config\Cache), false)
#8 D:\sampp7427\htdocs\sinjam\index.php(37): CodeIgniter\CodeIgniter->run()
#9 {main}
ERROR - 2024-08-29 14:09:06 --> Error connecting to the database: Access denied for user '****'@'localhost' (using password: YES)
CRITICAL - 2024-08-29 14:09:06 --> Unable to connect to the database.
Main connection [MySQLi]: Access denied for user '****'@'localhost' (using password: YES)
#0 D:\sampp7427\htdocs\sinjam\system\Database\BaseConnection.php(577): CodeIgniter\Database\BaseConnection->initialize()
#1 D:\sampp7427\htdocs\sinjam\system\Database\BaseBuilder.php(1443): CodeIgniter\Database\BaseConnection->query('SELECT *\nFROM `...', Array, false)
#2 D:\sampp7427\htdocs\sinjam\system\Model.php(183): CodeIgniter\Database\BaseBuilder->get()
#3 D:\sampp7427\htdocs\sinjam\system\BaseModel.php(584): CodeIgniter\Model->doFindAll(0, 0)
#4 D:\sampp7427\htdocs\sinjam\app\Controllers\Nasabah.php(25): CodeIgniter\BaseModel->findAll()
#5 D:\sampp7427\htdocs\sinjam\system\CodeIgniter.php(824): App\Controllers\Nasabah->data()
#6 D:\sampp7427\htdocs\sinjam\system\CodeIgniter.php(410): CodeIgniter\CodeIgniter->runController(Object(App\Controllers\Nasabah))
#7 D:\sampp7427\htdocs\sinjam\system\CodeIgniter.php(318): CodeIgniter\CodeIgniter->handleRequest(NULL, Object(Config\Cache), false)
#8 D:\sampp7427\htdocs\sinjam\index.php(37): CodeIgniter\CodeIgniter->run()
#9 {main}
ERROR - 2024-08-29 14:09:07 --> Error connecting to the database: Access denied for user '****'@'localhost' (using password: YES)
CRITICAL - 2024-08-29 14:09:07 --> Unable to connect to the database.
Main connection [MySQLi]: Access denied for user '****'@'localhost' (using password: YES)
#0 D:\sampp7427\htdocs\sinjam\system\Database\BaseConnection.php(577): CodeIgniter\Database\BaseConnection->initialize()
#1 D:\sampp7427\htdocs\sinjam\system\Database\BaseBuilder.php(1443): CodeIgniter\Database\BaseConnection->query('SELECT *\nFROM `...', Array, false)
#2 D:\sampp7427\htdocs\sinjam\system\Model.php(183): CodeIgniter\Database\BaseBuilder->get()
#3 D:\sampp7427\htdocs\sinjam\system\BaseModel.php(584): CodeIgniter\Model->doFindAll(0, 0)
#4 D:\sampp7427\htdocs\sinjam\app\Controllers\Nasabah.php(30): CodeIgniter\BaseModel->findAll()
#5 D:\sampp7427\htdocs\sinjam\system\CodeIgniter.php(824): App\Controllers\Nasabah->dataAktif()
#6 D:\sampp7427\htdocs\sinjam\system\CodeIgniter.php(410): CodeIgniter\CodeIgniter->runController(Object(App\Controllers\Nasabah))
#7 D:\sampp7427\htdocs\sinjam\system\CodeIgniter.php(318): CodeIgniter\CodeIgniter->handleRequest(NULL, Object(Config\Cache), false)
#8 D:\sampp7427\htdocs\sinjam\index.php(37): CodeIgniter\CodeIgniter->run()
#9 {main}
ERROR - 2024-08-29 14:09:07 --> Error connecting to the database: Access denied for user '****'@'localhost' (using password: YES)
CRITICAL - 2024-08-29 14:09:07 --> Unable to connect to the database.
Main connection [MySQLi]: Access denied for user '****'@'localhost' (using password: YES)
#0 D:\sampp7427\htdocs\sinjam\system\Database\BaseConnection.php(577): CodeIgniter\Database\BaseConnection->initialize()
#1 D:\sampp7427\htdocs\sinjam\system\Database\BaseBuilder.php(1443): CodeIgniter\Database\BaseConnection->query('SELECT *\nFROM `...', Array, false)
#2 D:\sampp7427\htdocs\sinjam\system\Model.php(183): CodeIgniter\Database\BaseBuilder->get()
#3 D:\sampp7427\htdocs\sinjam\system\BaseModel.php(584): CodeIgniter\Model->doFindAll(0, 0)
#4 D:\sampp7427\htdocs\sinjam\app\Controllers\Pinjaman.php(28): CodeIgniter\BaseModel->findAll()
#5 D:\sampp7427\htdocs\sinjam\system\CodeIgniter.php(824): App\Controllers\Pinjaman->data()
#6 D:\sampp7427\htdocs\sinjam\system\CodeIgniter.php(410): CodeIgniter\CodeIgniter->runController(Object(App\Controllers\Pinjaman))
#7 D:\sampp7427\htdocs\sinjam\system\CodeIgniter.php(318): CodeIgniter\CodeIgniter->handleRequest(NULL, Object(Config\Cache), false)
#8 D:\sampp7427\htdocs\sinjam\index.php(37): CodeIgniter\CodeIgniter->run()
#9 {main}
ERROR - 2024-08-29 14:09:14 --> Error connecting to the database: Access denied for user '****'@'localhost' (using password: YES)
CRITICAL - 2024-08-29 14:09:14 --> Unable to connect to the database.
Main connection [MySQLi]: Access denied for user '****'@'localhost' (using password: YES)
#0 D:\sampp7427\htdocs\sinjam\system\Database\BaseConnection.php(577): CodeIgniter\Database\BaseConnection->initialize()
#1 D:\sampp7427\htdocs\sinjam\system\Database\BaseBuilder.php(1443): CodeIgniter\Database\BaseConnection->query('SELECT *\nFROM `...', Array, false)
#2 D:\sampp7427\htdocs\sinjam\system\Model.php(183): CodeIgniter\Database\BaseBuilder->get()
#3 D:\sampp7427\htdocs\sinjam\system\BaseModel.php(584): CodeIgniter\Model->doFindAll(0, 0)
#4 D:\sampp7427\htdocs\sinjam\app\Controllers\Pinjaman.php(28): CodeIgniter\BaseModel->findAll()
#5 D:\sampp7427\htdocs\sinjam\system\CodeIgniter.php(824): App\Controllers\Pinjaman->data()
#6 D:\sampp7427\htdocs\sinjam\system\CodeIgniter.php(410): CodeIgniter\CodeIgniter->runController(Object(App\Controllers\Pinjaman))
#7 D:\sampp7427\htdocs\sinjam\system\CodeIgniter.php(318): CodeIgniter\CodeIgniter->handleRequest(NULL, Object(Config\Cache), false)
#8 D:\sampp7427\htdocs\sinjam\index.php(37): CodeIgniter\CodeIgniter->run()
#9 {main}
ERROR - 2024-08-29 14:09:24 --> Error connecting to the database: Access denied for user '****'@'localhost' (using password: YES)
CRITICAL - 2024-08-29 14:09:24 --> Unable to connect to the database.
Main connection [MySQLi]: Access denied for user '****'@'localhost' (using password: YES)
#0 D:\sampp7427\htdocs\sinjam\system\Database\BaseConnection.php(577): CodeIgniter\Database\BaseConnection->initialize()
#1 D:\sampp7427\htdocs\sinjam\system\Database\BaseBuilder.php(1443): CodeIgniter\Database\BaseConnection->query('SELECT *\nFROM `...', Array, false)
#2 D:\sampp7427\htdocs\sinjam\system\Model.php(183): CodeIgniter\Database\BaseBuilder->get()
#3 D:\sampp7427\htdocs\sinjam\system\BaseModel.php(584): CodeIgniter\Model->doFindAll(0, 0)
#4 D:\sampp7427\htdocs\sinjam\app\Controllers\Nasabah.php(30): CodeIgniter\BaseModel->findAll()
#5 D:\sampp7427\htdocs\sinjam\system\CodeIgniter.php(824): App\Controllers\Nasabah->dataAktif()
#6 D:\sampp7427\htdocs\sinjam\system\CodeIgniter.php(410): CodeIgniter\CodeIgniter->runController(Object(App\Controllers\Nasabah))
#7 D:\sampp7427\htdocs\sinjam\system\CodeIgniter.php(318): CodeIgniter\CodeIgniter->handleRequest(NULL, Object(Config\Cache), false)
#8 D:\sampp7427\htdocs\sinjam\index.php(37): CodeIgniter\CodeIgniter->run()
#9 {main}
ERROR - 2024-08-29 14:09:24 --> Error connecting to the database: Access denied for user '****'@'localhost' (using password: YES)
CRITICAL - 2024-08-29 14:09:24 --> Unable to connect to the database.
Main connection [MySQLi]: Access denied for user '****'@'localhost' (using password: YES)
#0 D:\sampp7427\htdocs\sinjam\system\Database\BaseConnection.php(577): CodeIgniter\Database\BaseConnection->initialize()
#1 D:\sampp7427\htdocs\sinjam\system\Database\BaseBuilder.php(1443): CodeIgniter\Database\BaseConnection->query('SELECT *\nFROM `...', Array, false)
#2 D:\sampp7427\htdocs\sinjam\system\Model.php(183): CodeIgniter\Database\BaseBuilder->get()
#3 D:\sampp7427\htdocs\sinjam\system\BaseModel.php(584): CodeIgniter\Model->doFindAll(0, 0)
#4 D:\sampp7427\htdocs\sinjam\app\Controllers\Nasabah.php(30): CodeIgniter\BaseModel->findAll()
#5 D:\sampp7427\htdocs\sinjam\system\CodeIgniter.php(824): App\Controllers\Nasabah->dataAktif()
#6 D:\sampp7427\htdocs\sinjam\system\CodeIgniter.php(410): CodeIgniter\CodeIgniter->runController(Object(App\Controllers\Nasabah))
#7 D:\sampp7427\htdocs\sinjam\system\CodeIgniter.php(318): CodeIgniter\CodeIgniter->handleRequest(NULL, Object(Config\Cache), false)
#8 D:\sampp7427\htdocs\sinjam\index.php(37): CodeIgniter\CodeIgniter->run()
#9 {main}
ERROR - 2024-08-29 14:09:27 --> Error connecting to the database: Access denied for user '****'@'localhost' (using password: YES)
CRITICAL - 2024-08-29 14:09:27 --> Unable to connect to the database.
Main connection [MySQLi]: Access denied for user '****'@'localhost' (using password: YES)
#0 D:\sampp7427\htdocs\sinjam\system\Database\BaseConnection.php(577): CodeIgniter\Database\BaseConnection->initialize()
#1 D:\sampp7427\htdocs\sinjam\system\Database\BaseBuilder.php(1443): CodeIgniter\Database\BaseConnection->query('SELECT *\nFROM `...', Array, false)
#2 D:\sampp7427\htdocs\sinjam\system\Model.php(183): CodeIgniter\Database\BaseBuilder->get()
#3 D:\sampp7427\htdocs\sinjam\system\BaseModel.php(584): CodeIgniter\Model->doFindAll(0, 0)
#4 D:\sampp7427\htdocs\sinjam\app\Controllers\Transaksi.php(31): CodeIgniter\BaseModel->findAll()
#5 D:\sampp7427\htdocs\sinjam\system\CodeIgniter.php(824): App\Controllers\Transaksi->getData()
#6 D:\sampp7427\htdocs\sinjam\system\CodeIgniter.php(410): CodeIgniter\CodeIgniter->runController(Object(App\Controllers\Transaksi))
#7 D:\sampp7427\htdocs\sinjam\system\CodeIgniter.php(318): CodeIgniter\CodeIgniter->handleRequest(NULL, Object(Config\Cache), false)
#8 D:\sampp7427\htdocs\sinjam\index.php(37): CodeIgniter\CodeIgniter->run()
#9 {main}
ERROR - 2024-08-29 14:09:29 --> Error connecting to the database: Access denied for user '****'@'localhost' (using password: YES)
CRITICAL - 2024-08-29 14:09:29 --> Unable to connect to the database.
Main connection [MySQLi]: Access denied for user '****'@'localhost' (using password: YES)
#0 D:\sampp7427\htdocs\sinjam\system\Database\BaseConnection.php(577): CodeIgniter\Database\BaseConnection->initialize()
#1 D:\sampp7427\htdocs\sinjam\system\Database\BaseBuilder.php(1443): CodeIgniter\Database\BaseConnection->query('SELECT *\nFROM `...', Array, false)
#2 D:\sampp7427\htdocs\sinjam\system\Model.php(183): CodeIgniter\Database\BaseBuilder->get()
#3 D:\sampp7427\htdocs\sinjam\system\BaseModel.php(584): CodeIgniter\Model->doFindAll(0, 0)
#4 D:\sampp7427\htdocs\sinjam\app\Controllers\Transaksi.php(31): CodeIgniter\BaseModel->findAll()
#5 D:\sampp7427\htdocs\sinjam\system\CodeIgniter.php(824): App\Controllers\Transaksi->getData()
#6 D:\sampp7427\htdocs\sinjam\system\CodeIgniter.php(410): CodeIgniter\CodeIgniter->runController(Object(App\Controllers\Transaksi))
#7 D:\sampp7427\htdocs\sinjam\system\CodeIgniter.php(318): CodeIgniter\CodeIgniter->handleRequest(NULL, Object(Config\Cache), false)
#8 D:\sampp7427\htdocs\sinjam\index.php(37): CodeIgniter\CodeIgniter->run()
#9 {main}
